{"/home/vijay/Downloads/nest-project/project/backend/src/app.module.ts": {"path":"/home/vijay/Downloads/nest-project/project/backend/src/app.module.ts","statementMap":{"0":{"start":{"line":1,"column":0},"end":{"line":1,"column":40}},"1":{"start":{"line":2,"column":0},"end":{"line":2,"column":50}},"2":{"start":{"line":3,"column":0},"end":{"line":3,"column":51}},"3":{"start":{"line":4,"column":0},"end":{"line":4,"column":51}},"4":{"start":{"line":15,"column":7},"end":{"line":15,"column":null}},"5":{"start":{"line":15,"column":13},"end":{"line":15,"column":22}},"6":{"start":{"line":15,"column":13},"end":{"line":15,"column":null}}},"fnMap":{},"branchMap":{},"s":{"0":0,"1":0,"2":0,"3":0,"4":0,"5":0,"6":0},"f":{},"b":{}}
,"/home/vijay/Downloads/nest-project/project/backend/src/notes/notes.controller.ts": {"path":"/home/vijay/Downloads/nest-project/project/backend/src/notes/notes.controller.ts","statementMap":{"0":{"start":{"line":1,"column":0},"end":{"line":1,"column":null}},"1":{"start":{"line":12,"column":0},"end":{"line":12,"column":47}},"2":{"start":{"line":13,"column":0},"end":{"line":13,"column":54}},"3":{"start":{"line":14,"column":0},"end":{"line":14,"column":54}},"4":{"start":{"line":17,"column":7},"end":{"line":46,"column":null}},"5":{"start":{"line":18,"column":31},"end":{"line":18,"column":45}},"6":{"start":{"line":23,"column":4},"end":{"line":23,"column":51}},"7":{"start":{"line":28,"column":4},"end":{"line":28,"column":39}},"8":{"start":{"line":33,"column":4},"end":{"line":33,"column":41}},"9":{"start":{"line":38,"column":4},"end":{"line":38,"column":55}},"10":{"start":{"line":44,"column":4},"end":{"line":44,"column":40}},"11":{"start":{"line":17,"column":13},"end":{"line":17,"column":28}},"12":{"start":{"line":22,"column":2},"end":{"line":24,"column":null}},"13":{"start":{"line":27,"column":2},"end":{"line":29,"column":null}},"14":{"start":{"line":32,"column":2},"end":{"line":34,"column":null}},"15":{"start":{"line":37,"column":2},"end":{"line":39,"column":null}},"16":{"start":{"line":43,"column":2},"end":{"line":45,"column":null}},"17":{"start":{"line":17,"column":13},"end":{"line":46,"column":null}}},"fnMap":{"0":{"name":"(anonymous_4)","decl":{"start":{"line":18,"column":2},"end":{"line":18,"column":31}},"loc":{"start":{"line":18,"column":57},"end":{"line":18,"column":61}}},"1":{"name":"(anonymous_5)","decl":{"start":{"line":22,"column":2},"end":{"line":22,"column":8}},"loc":{"start":{"line":22,"column":45},"end":{"line":24,"column":3}}},"2":{"name":"(anonymous_6)","decl":{"start":{"line":27,"column":2},"end":{"line":27,"column":9}},"loc":{"start":{"line":27,"column":9},"end":{"line":29,"column":3}}},"3":{"name":"(anonymous_7)","decl":{"start":{"line":32,"column":2},"end":{"line":32,"column":9}},"loc":{"start":{"line":32,"column":33},"end":{"line":34,"column":3}}},"4":{"name":"(anonymous_8)","decl":{"start":{"line":37,"column":2},"end":{"line":37,"column":8}},"loc":{"start":{"line":37,"column":70},"end":{"line":39,"column":3}}},"5":{"name":"(anonymous_9)","decl":{"start":{"line":43,"column":2},"end":{"line":43,"column":8}},"loc":{"start":{"line":43,"column":32},"end":{"line":45,"column":3}}}},"branchMap":{},"s":{"0":2,"1":2,"2":2,"3":2,"4":2,"5":12,"6":2,"7":2,"8":2,"9":2,"10":2,"11":2,"12":2,"13":2,"14":2,"15":2,"16":2,"17":2},"f":{"0":12,"1":2,"2":2,"3":2,"4":2,"5":2},"b":{}}
,"/home/vijay/Downloads/nest-project/project/backend/src/notes/notes.module.ts": {"path":"/home/vijay/Downloads/nest-project/project/backend/src/notes/notes.module.ts","statementMap":{"0":{"start":{"line":1,"column":0},"end":{"line":1,"column":40}},"1":{"start":{"line":2,"column":0},"end":{"line":2,"column":50}},"2":{"start":{"line":3,"column":0},"end":{"line":3,"column":53}},"3":{"start":{"line":4,"column":0},"end":{"line":4,"column":47}},"4":{"start":{"line":5,"column":0},"end":{"line":5,"column":57}},"5":{"start":{"line":14,"column":7},"end":{"line":14,"column":null}},"6":{"start":{"line":14,"column":13},"end":{"line":14,"column":24}},"7":{"start":{"line":14,"column":13},"end":{"line":14,"column":null}}},"fnMap":{},"branchMap":{},"s":{"0":0,"1":0,"2":0,"3":0,"4":0,"5":0,"6":0,"7":0},"f":{},"b":{}}
,"/home/vijay/Downloads/nest-project/project/backend/src/notes/notes.service.ts": {"path":"/home/vijay/Downloads/nest-project/project/backend/src/notes/notes.service.ts","statementMap":{"0":{"start":{"line":1,"column":0},"end":{"line":1,"column":63}},"1":{"start":{"line":2,"column":0},"end":{"line":2,"column":47}},"2":{"start":{"line":3,"column":0},"end":{"line":3,"column":33}},"3":{"start":{"line":4,"column":0},"end":{"line":4,"column":59}},"4":{"start":{"line":9,"column":7},"end":{"line":46,"column":null}},"5":{"start":{"line":10,"column":46},"end":{"line":10,"column":57}},"6":{"start":{"line":13,"column":24},"end":{"line":13,"column":57}},"7":{"start":{"line":14,"column":4},"end":{"line":14,"column":30}},"8":{"start":{"line":18,"column":4},"end":{"line":18,"column":64}},"9":{"start":{"line":22,"column":17},"end":{"line":22,"column":57}},"10":{"start":{"line":23,"column":4},"end":{"line":25,"column":5}},"11":{"start":{"line":24,"column":6},"end":{"line":24,"column":66}},"12":{"start":{"line":26,"column":4},"end":{"line":26,"column":16}},"13":{"start":{"line":30,"column":24},"end":{"line":32,"column":13}},"14":{"start":{"line":34,"column":4},"end":{"line":36,"column":5}},"15":{"start":{"line":35,"column":6},"end":{"line":35,"column":66}},"16":{"start":{"line":37,"column":4},"end":{"line":37,"column":23}},"17":{"start":{"line":41,"column":19},"end":{"line":41,"column":68}},"18":{"start":{"line":42,"column":4},"end":{"line":44,"column":5}},"19":{"start":{"line":43,"column":6},"end":{"line":43,"column":66}},"20":{"start":{"line":9,"column":13},"end":{"line":9,"column":25}},"21":{"start":{"line":9,"column":13},"end":{"line":46,"column":null}}},"fnMap":{"0":{"name":"(anonymous_4)","decl":{"start":{"line":10,"column":2},"end":{"line":10,"column":15}},"loc":{"start":{"line":10,"column":76},"end":{"line":10,"column":80}}},"1":{"name":"(anonymous_5)","decl":{"start":{"line":12,"column":2},"end":{"line":12,"column":7}},"loc":{"start":{"line":12,"column":43},"end":{"line":15,"column":3}}},"2":{"name":"(anonymous_6)","decl":{"start":{"line":17,"column":2},"end":{"line":17,"column":7}},"loc":{"start":{"line":17,"column":15},"end":{"line":19,"column":3}}},"3":{"name":"(anonymous_7)","decl":{"start":{"line":21,"column":2},"end":{"line":21,"column":7}},"loc":{"start":{"line":21,"column":26},"end":{"line":27,"column":3}}},"4":{"name":"(anonymous_8)","decl":{"start":{"line":29,"column":2},"end":{"line":29,"column":7}},"loc":{"start":{"line":29,"column":55},"end":{"line":38,"column":3}}},"5":{"name":"(anonymous_9)","decl":{"start":{"line":40,"column":2},"end":{"line":40,"column":7}},"loc":{"start":{"line":40,"column":25},"end":{"line":45,"column":3}}}},"branchMap":{"0":{"loc":{"start":{"line":23,"column":4},"end":{"line":25,"column":5}},"type":"if","locations":[{"start":{"line":23,"column":4},"end":{"line":25,"column":5}}]},"1":{"loc":{"start":{"line":34,"column":4},"end":{"line":36,"column":5}},"type":"if","locations":[{"start":{"line":34,"column":4},"end":{"line":36,"column":5}}]},"2":{"loc":{"start":{"line":42,"column":4},"end":{"line":44,"column":5}},"type":"if","locations":[{"start":{"line":42,"column":4},"end":{"line":44,"column":5}}]}},"s":{"0":3,"1":3,"2":3,"3":3,"4":3,"5":15,"6":2,"7":2,"8":2,"9":3,"10":3,"11":1,"12":2,"13":3,"14":3,"15":1,"16":2,"17":3,"18":3,"19":1,"20":3,"21":3},"f":{"0":15,"1":2,"2":2,"3":3,"4":3,"5":3},"b":{"0":[1],"1":[1],"2":[1]}}
,"/home/vijay/Downloads/nest-project/project/backend/src/notes/dto/create-note.dto.ts": {"path":"/home/vijay/Downloads/nest-project/project/backend/src/notes/dto/create-note.dto.ts","statementMap":{"0":{"start":{"line":1,"column":0},"end":{"line":1,"column":67}},"1":{"start":{"line":3,"column":0},"end":{"line":3,"column":13}},"2":{"start":{"line":6,"column":2},"end":{"line":6,"column":null}},"3":{"start":{"line":10,"column":2},"end":{"line":10,"column":null}},"4":{"start":{"line":14,"column":2},"end":{"line":14,"column":null}}},"fnMap":{},"branchMap":{},"s":{"0":3,"1":3,"2":3,"3":3,"4":3},"f":{},"b":{}}
,"/home/vijay/Downloads/nest-project/project/backend/src/notes/dto/update-note.dto.ts": {"path":"/home/vijay/Downloads/nest-project/project/backend/src/notes/dto/update-note.dto.ts","statementMap":{"0":{"start":{"line":1,"column":0},"end":{"line":1,"column":55}},"1":{"start":{"line":3,"column":0},"end":{"line":3,"column":13}},"2":{"start":{"line":6,"column":2},"end":{"line":6,"column":null}},"3":{"start":{"line":10,"column":2},"end":{"line":10,"column":null}},"4":{"start":{"line":14,"column":2},"end":{"line":14,"column":null}}},"fnMap":{},"branchMap":{},"s":{"0":3,"1":3,"2":3,"3":3,"4":3},"f":{},"b":{}}
,"/home/vijay/Downloads/nest-project/project/backend/src/notes/schemas/note.schema.ts": {"path":"/home/vijay/Downloads/nest-project/project/backend/src/notes/schemas/note.schema.ts","statementMap":{"0":{"start":{"line":1,"column":0},"end":{"line":1,"column":63}},"1":{"start":{"line":7,"column":7},"end":{"line":22,"column":null}},"2":{"start":{"line":7,"column":13},"end":{"line":7,"column":17}},"3":{"start":{"line":9,"column":2},"end":{"line":9,"column":null}},"4":{"start":{"line":12,"column":2},"end":{"line":12,"column":null}},"5":{"start":{"line":15,"column":2},"end":{"line":15,"column":null}},"6":{"start":{"line":18,"column":2},"end":{"line":18,"column":null}},"7":{"start":{"line":21,"column":2},"end":{"line":21,"column":null}},"8":{"start":{"line":7,"column":13},"end":{"line":22,"column":null}},"9":{"start":{"line":24,"column":13},"end":{"line":24,"column":61}}},"fnMap":{},"branchMap":{},"s":{"0":3,"1":3,"2":3,"3":3,"4":3,"5":3,"6":3,"7":3,"8":3,"9":3},"f":{},"b":{}}
,"/home/vijay/Downloads/nest-project/project/backend/src/users/users.module.ts": {"path":"/home/vijay/Downloads/nest-project/project/backend/src/users/users.module.ts","statementMap":{"0":{"start":{"line":1,"column":0},"end":{"line":1,"column":40}},"1":{"start":{"line":4,"column":7},"end":{"line":4,"column":null}},"2":{"start":{"line":4,"column":13},"end":{"line":4,"column":24}},"3":{"start":{"line":4,"column":13},"end":{"line":4,"column":null}}},"fnMap":{},"branchMap":{},"s":{"0":0,"1":0,"2":0,"3":0},"f":{},"b":{}}
}
