TN:
SF:src/app.module.ts
FNF:0
FNH:0
DA:1,0
DA:2,0
DA:3,0
DA:4,0
DA:15,0
LF:5
LH:0
BRF:0
BRH:0
end_of_record
TN:
SF:src/notes/notes.controller.ts
FN:18,(anonymous_4)
FN:22,(anonymous_5)
FN:27,(anonymous_6)
FN:32,(anonymous_7)
FN:37,(anonymous_8)
FN:43,(anonymous_9)
FNF:6
FNH:6
FNDA:12,(anonymous_4)
FNDA:2,(anonymous_5)
FNDA:2,(anonymous_6)
FNDA:2,(anonymous_7)
FNDA:2,(anonymous_8)
FNDA:2,(anonymous_9)
DA:1,2
DA:12,2
DA:13,2
DA:14,2
DA:17,2
DA:18,12
DA:22,2
DA:23,2
DA:27,2
DA:28,2
DA:32,2
DA:33,2
DA:37,2
DA:38,2
DA:43,2
DA:44,2
LF:16
LH:16
BRF:0
BRH:0
end_of_record
TN:
SF:src/notes/notes.module.ts
FNF:0
FNH:0
DA:1,0
DA:2,0
DA:3,0
DA:4,0
DA:5,0
DA:14,0
LF:6
LH:0
BRF:0
BRH:0
end_of_record
TN:
SF:src/notes/notes.service.ts
FN:10,(anonymous_4)
FN:12,(anonymous_5)
FN:17,(anonymous_6)
FN:21,(anonymous_7)
FN:29,(anonymous_8)
FN:40,(anonymous_9)
FNF:6
FNH:6
FNDA:15,(anonymous_4)
FNDA:2,(anonymous_5)
FNDA:2,(anonymous_6)
FNDA:3,(anonymous_7)
FNDA:3,(anonymous_8)
FNDA:3,(anonymous_9)
DA:1,3
DA:2,3
DA:3,3
DA:4,3
DA:9,3
DA:10,15
DA:13,2
DA:14,2
DA:18,2
DA:22,3
DA:23,3
DA:24,1
DA:26,2
DA:30,3
DA:34,3
DA:35,1
DA:37,2
DA:41,3
DA:42,3
DA:43,1
LF:20
LH:20
BRDA:23,0,0,1
BRDA:34,1,0,1
BRDA:42,2,0,1
BRF:3
BRH:3
end_of_record
TN:
SF:src/notes/dto/create-note.dto.ts
FNF:0
FNH:0
DA:1,3
DA:3,3
DA:6,3
DA:10,3
DA:14,3
LF:5
LH:5
BRF:0
BRH:0
end_of_record
TN:
SF:src/notes/dto/update-note.dto.ts
FNF:0
FNH:0
DA:1,3
DA:3,3
DA:6,3
DA:10,3
DA:14,3
LF:5
LH:5
BRF:0
BRH:0
end_of_record
TN:
SF:src/notes/schemas/note.schema.ts
FNF:0
FNH:0
DA:1,3
DA:7,3
DA:9,3
DA:12,3
DA:15,3
DA:18,3
DA:21,3
DA:24,3
LF:8
LH:8
BRF:0
BRH:0
end_of_record
TN:
SF:src/users/users.module.ts
FNF:0
FNH:0
DA:1,0
DA:4,0
LF:2
LH:0
BRF:0
BRH:0
end_of_record
